Running from: C:\Users\Chris\AppData\Local\Temp\tmpyub6ayx5 
Command: C:\Games\Steam\SteamApps\common\SpaceEngineers\Tools\MwmBuilder\MwmBuilder.exe /s:Content /m:GCUnlicensedHullClassifier_Constr2.fbx /o:.\ 
: WARNING: 
    Could not find Materials library folder.
Textures\Models\Cubes\beacon_me.dds: WARNING: 
    Texture DiffuseTexture does not exists!
Textures\Models\Cubes\beacon_ns.dds: WARNING: 
    Texture NormalTexture does not exists!
Textures\Models\Cubes\beacon_cm.dds: WARNING: 
    Texture ColorMetalTexture does not exists!
Textures\Models\Cubes\beacon_ng.dds: WARNING: 
    Texture NormalGlossTexture does not exists!
Textures\Models\Cubes\beacon_add.dds: WARNING: 
    Texture AddMapsTexture does not exists!
: WARNING: 
    Model contains degenerated triangle (indices 298 300 299)
: WARNING: 
    Model contains degenerated triangle (indices 298 299 298)
: WARNING: 
    Model contains degenerated triangle (indices 2551 2553 2552)
: WARNING: 
    Model contains degenerated triangle (indices 2551 2552 2551)
: WARNING: 
    Model contains degenerated triangle (indices 2558 2560 2559)
: WARNING: 
    Model contains degenerated triangle (indices 2558 2559 2558)
: WARNING: 
    Model contains degenerated triangle (indices 2565 2567 2566)
: WARNING: 
    Model contains degenerated triangle (indices 2565 2566 2565)
: WARNING: 
    Model contains degenerated triangle (indices 2574 2576 2575)
: WARNING: 
    Model contains degenerated triangle (indices 2574 2575 2574)
: WARNING: 
    Model contains degenerated triangle (indices 2581 2583 2582)
: WARNING: 
    Model contains degenerated triangle (indices 2581 2582 2581)
: WARNING: 
    Model contains degenerated triangle (indices 2590 2592 2591)
: WARNING: 
    Model contains degenerated triangle (indices 2590 2591 2590)
: WARNING: 
    Model contains degenerated triangle (indices 2597 2599 2598)
: WARNING: 
    Model contains degenerated triangle (indices 2597 2598 2597)
: WARNING: 
    Model contains degenerated triangle (indices 2604 2606 2605)
: WARNING: 
    Model contains degenerated triangle (indices 2604 2605 2604)
: WARNING: 
    Model contains degenerated triangle (indices 2677 2679 2678)
: WARNING: 
    Model contains degenerated triangle (indices 2677 2678 2677)
: WARNING: 
    Model contains degenerated triangle (indices 2680 2682 2681)
: WARNING: 
    Model contains degenerated triangle (indices 2680 2681 2680)
: WARNING: 
    Model contains degenerated triangle (indices 2683 2685 2684)
: WARNING: 
    Model contains degenerated triangle (indices 2683 2684 2683)
: WARNING: 
    Model contains degenerated triangle (indices 2686 2688 2687)
: WARNING: 
    Model contains degenerated triangle (indices 2686 2687 2686)
: WARNING: 
    Model contains degenerated triangle (indices 2689 2691 2690)
: WARNING: 
    Model contains degenerated triangle (indices 2689 2690 2689)
: WARNING: 
    Model contains degenerated triangle (indices 2692 2694 2693)
: WARNING: 
    Model contains degenerated triangle (indices 2692 2693 2692)
: WARNING: 
    Model contains degenerated triangle (indices 2581 2696 2695)
: WARNING: 
    Model contains degenerated triangle (indices 2581 2695 2581)
: WARNING: 
    Model contains degenerated triangle (indices 2697 2699 2698)
: WARNING: 
    Model contains degenerated triangle (indices 2697 2698 2697)
: WARNING: 
    Model contains degenerated triangle (indices 2700 2702 2701)
: WARNING: 
    Model contains degenerated triangle (indices 2700 2701 2700)
: WARNING: 
    Model contains degenerated triangle (indices 2703 2705 2704)
: WARNING: 
    Model contains degenerated triangle (indices 2703 2704 2703)
: WARNING: 
    Model contains degenerated triangle (indices 2706 2708 2707)
: WARNING: 
    Model contains degenerated triangle (indices 2706 2707 2706)
: WARNING: 
    Model contains degenerated triangle (indices 2709 2711 2710)
: WARNING: 
    Model contains degenerated triangle (indices 2709 2710 2709)
: WARNING: 
    Model contains degenerated triangle (indices 2712 2714 2713)
: WARNING: 
    Model contains degenerated triangle (indices 2712 2713 2712)
: WARNING: 
    Model contains degenerated triangle (indices 2715 2717 2716)
: WARNING: 
    Model contains degenerated triangle (indices 2715 2716 2715)
: WARNING: 
    Model contains degenerated triangle (indices 2718 2720 2719)
: WARNING: 
    Model contains degenerated triangle (indices 2718 2719 2718)
: WARNING: 
    Model contains degenerated triangle (indices 2721 2723 2722)
: WARNING: 
    Model contains degenerated triangle (indices 2721 2722 2721)
: WARNING: 
    Model contains degenerated triangle (indices 2724 2726 2725)
: WARNING: 
    Model contains degenerated triangle (indices 2724 2725 2724)
: WARNING: 
    Model contains degenerated triangle (indices 2727 2729 2728)
: WARNING: 
    Model contains degenerated triangle (indices 2727 2728 2727)
: WARNING: 
    Model contains degenerated triangle (indices 2778 2780 2779)
: WARNING: 
    Model contains degenerated triangle (indices 2778 2779 2778)
: WARNING: 
    Model contains degenerated triangle (indices 2781 2783 2782)
: WARNING: 
    Model contains degenerated triangle (indices 2781 2782 2781)
: WARNING: 
    Model contains degenerated triangle (indices 2784 2688 2687)
: WARNING: 
    Model contains degenerated triangle (indices 2784 2687 2784)
: WARNING: 
    Model contains degenerated triangle (indices 2841 2843 2842)
: WARNING: 
    Model contains degenerated triangle (indices 2841 2842 2841)
: WARNING: 
    Model contains degenerated triangle (indices 2844 2846 2845)
: WARNING: 
    Model contains degenerated triangle (indices 2844 2845 2844)
: WARNING: 
    Model contains degenerated triangle (indices 2847 2849 2848)
: WARNING: 
    Model contains degenerated triangle (indices 2847 2848 2847)
: WARNING: 
    Model contains degenerated triangle (indices 2850 2852 2851)
: WARNING: 
    Model contains degenerated triangle (indices 2850 2851 2850)
: WARNING: 
    Model contains degenerated triangle (indices 2853 2855 2854)
: WARNING: 
    Model contains degenerated triangle (indices 2853 2854 2853)
: WARNING: 
    Model contains degenerated triangle (indices 2856 2858 2857)
: WARNING: 
    Model contains degenerated triangle (indices 2856 2857 2856)
: WARNING: 
    Model contains degenerated triangle (indices 2859 2861 2860)
: WARNING: 
    Model contains degenerated triangle (indices 2859 2860 2859)
: WARNING: 
    Model contains degenerated triangle (indices 2862 2864 2863)
: WARNING: 
    Model contains degenerated triangle (indices 2862 2863 2862)
: WARNING: 
    Model contains degenerated triangle (indices 2865 2867 2866)
: WARNING: 
    Model contains degenerated triangle (indices 2865 2866 2865)
: WARNING: 
    Model contains degenerated triangle (indices 2868 2870 2869)
: WARNING: 
    Model contains degenerated triangle (indices 2868 2869 2868)
: WARNING: 
    Model contains degenerated triangle (indices 2871 2873 2872)
: WARNING: 
    Model contains degenerated triangle (indices 2871 2872 2871)
: WARNING: 
    Model contains degenerated triangle (indices 2874 2592 2591)
: WARNING: 
    Model contains degenerated triangle (indices 2874 2591 2874)
: WARNING: 
    Model contains degenerated triangle (indices 2875 2877 2876)
: WARNING: 
    Model contains degenerated triangle (indices 2875 2876 2875)
: WARNING: 
    Model contains degenerated triangle (indices 2677 2879 2878)
: WARNING: 
    Model contains degenerated triangle (indices 2677 2878 2677)
: WARNING: 
    Model contains degenerated triangle (indices 2880 2882 2881)
: WARNING: 
    Model contains degenerated triangle (indices 2880 2881 2880)
: WARNING: 
    Model contains degenerated triangle (indices 2883 2885 2884)
: WARNING: 
    Model contains degenerated triangle (indices 2883 2884 2883)
: WARNING: 
    Model contains degenerated triangle (indices 2886 2888 2887)
: WARNING: 
    Model contains degenerated triangle (indices 2886 2887 2886)
: WARNING: 
    Model contains degenerated triangle (indices 2921 2923 2922)
: WARNING: 
    Model contains degenerated triangle (indices 2921 2922 2921)
: WARNING: 
    Model contains degenerated triangle (indices 2924 2926 2925)
: WARNING: 
    Model contains degenerated triangle (indices 2924 2925 2924)
: WARNING: 
    Model contains degenerated triangle (indices 2927 2929 2928)
: WARNING: 
    Model contains degenerated triangle (indices 2927 2928 2927)
: WARNING: 
    Model contains degenerated triangle (indices 2930 2932 2931)
: WARNING: 
    Model contains degenerated triangle (indices 2930 2931 2930)
: WARNING: 
    Model contains degenerated triangle (indices 2933 2935 2934)
: WARNING: 
    Model contains degenerated triangle (indices 2933 2934 2933)
: WARNING: 
    Model contains degenerated triangle (indices 2936 2938 2937)
: WARNING: 
    Model contains degenerated triangle (indices 2936 2937 2936)
: WARNING: 
    Model contains degenerated triangle (indices 3421 3423 3422)
: WARNING: 
    Model contains degenerated triangle (indices 3421 3422 3421)
: WARNING: 
    Model contains degenerated triangle (indices 3584 3586 3585)
: WARNING: 
    Model contains degenerated triangle (indices 3584 3585 3584)
: WARNING: 
    Model contains degenerated triangle (indices 3587 3589 3588)
: WARNING: 
    Model contains degenerated triangle (indices 3587 3588 3587)
: WARNING: 
    Model contains degenerated triangle (indices 3592 3594 3593)
: WARNING: 
    Model contains degenerated triangle (indices 3592 3593 3592)
: WARNING: 
    Model contains degenerated triangle (indices 3857 3859 3858)
: WARNING: 
    Model contains degenerated triangle (indices 3857 3858 3857)
: WARNING: 
    Model contains degenerated triangle (indices 3860 3862 3861)
: WARNING: 
    Model contains degenerated triangle (indices 3860 3861 3860)
: WARNING: 
    Model contains degenerated triangle (indices 3863 3864 298)
: WARNING: 
    Model contains degenerated triangle (indices 3863 298 3863)
C:\Users\Chris\AppData\Local\Temp\tmpyub6ayx5\Content\GCUnlicensedHullClassifier_Constr2.fbx: Processed
: 
    : Finished in 0.2s
